Picked up JAVA_TOOL_OPTIONS: -Dstdout.encoding=UTF-8 -Dstderr.encoding=UTF-8
Standard Commons Logging discovery in action with spring-jcl: please remove commons-logging.jar from classpath in order to avoid potential conflicts

  .   ____          _            __ _ _
 /\\ / ___'_ __ _ _(_)_ __  __ _ \ \ \ \
( ( )\___ | '_ | '_| | '_ \/ _` | \ \ \ \
 \\/  ___)| |_)| | | | | || (_| |  ) ) ) )
  '  |____| .__|_| |_|_| |_\__, | / / / /
 =========|_|==============|___/=/_/_/_/

 :: Spring Boot ::                (v3.4.9)

2026-01-12T21:52:21.771+05:30  INFO 11636 --- [phishing-detector] [           main] c.s.p.PhishingDetectorApplication        : Starting PhishingDetectorApplication v0.0.1-SNAPSHOT using Java 24.0.1 with PID 11636 (C:\Users\LOQ\Desktop\Project\Phishing-Detector\target\phishing-detector-0.0.1-SNAPSHOT.jar started by LOQ in c:\Users\LOQ\Desktop\Project\Phishing-Detector)
2026-01-12T21:52:21.807+05:30  INFO 11636 --- [phishing-detector] [           main] c.s.p.PhishingDetectorApplication        : No active profile set, falling back to 1 default profile: "default"
2026-01-12T21:52:23.326+05:30  INFO 11636 --- [phishing-detector] [           main] .s.d.r.c.RepositoryConfigurationDelegate : Bootstrapping Spring Data JPA repositories in DEFAULT mode.
2026-01-12T21:52:23.539+05:30  INFO 11636 --- [phishing-detector] [           main] .s.d.r.c.RepositoryConfigurationDelegate : Finished Spring Data repository scanning in 200 ms. Found 2 JPA repository interfaces.
2026-01-12T21:52:24.491+05:30  INFO 11636 --- [phishing-detector] [           main] o.s.b.w.embedded.tomcat.TomcatWebServer  : Tomcat initialized with port 8080 (http)
2026-01-12T21:52:24.515+05:30  INFO 11636 --- [phishing-detector] [           main] o.apache.catalina.core.StandardService   : Starting service [Tomcat]
2026-01-12T21:52:24.515+05:30  INFO 11636 --- [phishing-detector] [           main] o.apache.catalina.core.StandardEngine    : Starting Servlet engine: [Apache Tomcat/10.1.44]
2026-01-12T21:52:24.565+05:30  INFO 11636 --- [phishing-detector] [           main] o.a.c.c.C.[Tomcat].[localhost].[/]       : Initializing Spring embedded WebApplicationContext
2026-01-12T21:52:24.565+05:30  INFO 11636 --- [phishing-detector] [           main] w.s.c.ServletWebServerApplicationContext : Root WebApplicationContext: initialization completed in 2661 ms
Standard Commons Logging discovery in action with spring-jcl: please remove commons-logging.jar from classpath in order to avoid potential conflicts
2026-01-12T21:52:24.819+05:30  INFO 11636 --- [phishing-detector] [           main] o.hibernate.jpa.internal.util.LogHelper  : HHH000204: Processing PersistenceUnitInfo [name: default]
2026-01-12T21:52:24.929+05:30  INFO 11636 --- [phishing-detector] [           main] org.hibernate.Version                    : HHH000412: Hibernate ORM core version 6.6.26.Final
2026-01-12T21:52:25.010+05:30  INFO 11636 --- [phishing-detector] [           main] o.h.c.internal.RegionFactoryInitiator    : HHH000026: Second-level cache disabled
2026-01-12T21:52:25.511+05:30  INFO 11636 --- [phishing-detector] [           main] o.s.o.j.p.SpringPersistenceUnitInfo      : No LoadTimeWeaver setup: ignoring JPA class transformer
2026-01-12T21:52:25.546+05:30  INFO 11636 --- [phishing-detector] [           main] com.zaxxer.hikari.HikariDataSource       : HikariPool-1 - Starting...
2026-01-12T21:52:25.867+05:30  INFO 11636 --- [phishing-detector] [           main] com.zaxxer.hikari.pool.HikariPool        : HikariPool-1 - Added connection conn0: url=jdbc:h2:mem:testdb user=SA
2026-01-12T21:52:25.871+05:30  INFO 11636 --- [phishing-detector] [           main] com.zaxxer.hikari.HikariDataSource       : HikariPool-1 - Start completed.
2026-01-12T21:52:25.911+05:30  WARN 11636 --- [phishing-detector] [           main] org.hibernate.orm.deprecation            : HHH90000025: H2Dialect does not need to be specified explicitly using 'hibernate.dialect' (remove the property setting and it will be selected by default)
2026-01-12T21:52:25.958+05:30  INFO 11636 --- [phishing-detector] [           main] org.hibernate.orm.connections.pooling    : HHH10001005: Database info:
	Database JDBC URL [Connecting through datasource 'HikariDataSource (HikariPool-1)']
	Database driver: undefined/unknown
	Database version: 2.3.232
	Autocommit mode: undefined/unknown
	Isolation level: undefined/unknown
	Minimum pool size: undefined/unknown
	Maximum pool size: undefined/unknown
2026-01-12T21:52:27.470+05:30  INFO 11636 --- [phishing-detector] [           main] o.h.e.t.j.p.i.JtaPlatformInitiator       : HHH000489: No JTA platform available (set 'hibernate.transaction.jta.platform' to enable JTA platform integration)
Hibernate: create table analysis_history (id bigint generated by default as identity, is_threat_detected boolean not null, timestamp timestamp(6) not null, total_risk_score float(53) not null, url varchar(255) not null, primary key (id))
Hibernate: create table analysis_results (history_id bigint not null, risk_score float(53), threat_description varchar(255), threat_detected boolean)
Hibernate: create table users (id bigint generated by default as identity, created_at timestamp(6) not null, email varchar(255) not null, enabled boolean not null, password varchar(255) not null, username varchar(255) not null, primary key (id))
Hibernate: alter table if exists users drop constraint if exists UK6dotkott2kjsp8vw4d0m25fb7
Hibernate: alter table if exists users add constraint UK6dotkott2kjsp8vw4d0m25fb7 unique (email)
Hibernate: alter table if exists users drop constraint if exists UKr43af9ap4edm43mmtq01oddj6
Hibernate: alter table if exists users add constraint UKr43af9ap4edm43mmtq01oddj6 unique (username)
Hibernate: alter table if exists analysis_results add constraint FKa6543e1510qrtsirqfs84cuwn foreign key (history_id) references analysis_history
2026-01-12T21:52:27.569+05:30  INFO 11636 --- [phishing-detector] [           main] j.LocalContainerEntityManagerFactoryBean : Initialized JPA EntityManagerFactory for persistence unit 'default'
WARNING: A terminally deprecated method in sun.misc.Unsafe has been called
WARNING: sun.misc.Unsafe::allocateMemory has been called by io.netty.util.internal.PlatformDependent0$2 (jar:nested:/C:/Users/LOQ/Desktop/Project/Phishing-Detector/target/phishing-detector-0.0.1-SNAPSHOT.jar/!BOOT-INF/lib/netty-common-4.1.124.Final.jar!/)
WARNING: Please consider reporting this to the maintainers of class io.netty.util.internal.PlatformDependent0$2
WARNING: sun.misc.Unsafe::allocateMemory will be removed in a future release
2026-01-12T21:52:30.873+05:30  INFO 11636 --- [phishing-detector] [           main] o.s.d.j.r.query.QueryEnhancerFactory     : Hibernate is in classpath; If applicable, HQL parser will be used.
2026-01-12T21:52:32.073+05:30  WARN 11636 --- [phishing-detector] [           main] JpaBaseConfiguration$JpaWebConfiguration : spring.jpa.open-in-view is enabled by default. Therefore, database queries may be performed during view rendering. Explicitly configure spring.jpa.open-in-view to disable this warning
2026-01-12T21:52:32.118+05:30  INFO 11636 --- [phishing-detector] [           main] r$InitializeUserDetailsManagerConfigurer : Global AuthenticationManager configured with UserDetailsService bean with name userDetailsServiceImpl
2026-01-12T21:52:32.243+05:30  INFO 11636 --- [phishing-detector] [           main] o.s.b.a.w.s.WelcomePageHandlerMapping    : Adding welcome page: class path resource [static/index.html]
2026-01-12T21:52:32.578+05:30  INFO 11636 --- [phishing-detector] [           main] o.s.v.b.OptionalValidatorFactoryBean     : Failed to set up a Bean Validation provider: jakarta.validation.NoProviderFoundException: Unable to create a Configuration, because no Jakarta Bean Validation provider could be found. Add a provider like Hibernate Validator (RI) to your classpath.
2026-01-12T21:52:32.892+05:30  INFO 11636 --- [phishing-detector] [           main] o.s.b.a.h2.H2ConsoleAutoConfiguration    : H2 console available at '/h2-console'. Database available at 'jdbc:h2:mem:testdb'
2026-01-12T21:52:33.022+05:30  INFO 11636 --- [phishing-detector] [           main] o.s.b.w.embedded.tomcat.TomcatWebServer  : Tomcat started on port 8080 (http) with context path '/'
2026-01-12T21:52:33.067+05:30  INFO 11636 --- [phishing-detector] [           main] c.s.p.PhishingDetectorApplication        : Started PhishingDetectorApplication in 12.061 seconds (process running for 12.98)
2026-01-12T21:52:50.748+05:30  INFO 11636 --- [phishing-detector] [nio-8080-exec-1] o.a.c.c.C.[Tomcat].[localhost].[/]       : Initializing Spring DispatcherServlet 'dispatcherServlet'
2026-01-12T21:52:50.748+05:30  INFO 11636 --- [phishing-detector] [nio-8080-exec-1] o.s.web.servlet.DispatcherServlet        : Initializing Servlet 'dispatcherServlet'
2026-01-12T21:52:50.749+05:30  INFO 11636 --- [phishing-detector] [nio-8080-exec-1] o.s.web.servlet.DispatcherServlet        : Completed initialization in 1 ms
Hibernate: insert into analysis_history (is_threat_detected,timestamp,total_risk_score,url,id) values (?,?,?,?,default)
Hibernate: insert into analysis_results (history_id,risk_score,threat_description,threat_detected) values (?,?,?,?)
Hibernate: insert into analysis_results (history_id,risk_score,threat_description,threat_detected) values (?,?,?,?)
Hibernate: insert into analysis_results (history_id,risk_score,threat_description,threat_detected) values (?,?,?,?)
Hibernate: insert into analysis_results (history_id,risk_score,threat_description,threat_detected) values (?,?,?,?)
Hibernate: insert into analysis_results (history_id,risk_score,threat_description,threat_detected) values (?,?,?,?)
Hibernate: insert into analysis_results (history_id,risk_score,threat_description,threat_detected) values (?,?,?,?)
Hibernate: insert into analysis_results (history_id,risk_score,threat_description,threat_detected) values (?,?,?,?)
Hibernate: insert into analysis_results (history_id,risk_score,threat_description,threat_detected) values (?,?,?,?)
Hibernate: insert into analysis_results (history_id,risk_score,threat_description,threat_detected) values (?,?,?,?)
Hibernate: insert into analysis_results (history_id,risk_score,threat_description,threat_detected) values (?,?,?,?)
Hibernate: insert into analysis_results (history_id,risk_score,threat_description,threat_detected) values (?,?,?,?)
Hibernate: insert into analysis_results (history_id,risk_score,threat_description,threat_detected) values (?,?,?,?)
2026-01-12T21:54:17.582+05:30  INFO 11636 --- [phishing-detector] [ionShutdownHook] o.s.b.w.e.tomcat.GracefulShutdown        : Commencing graceful shutdown. Waiting for active requests to complete
2026-01-12T21:54:17.592+05:30  INFO 11636 --- [phishing-detector] [tomcat-shutdown] o.s.b.w.e.tomcat.GracefulShutdown        : Graceful shutdown complete
2026-01-12T21:54:19.632+05:30  INFO 11636 --- [phishing-detector] [ionShutdownHook] j.LocalContainerEntityManagerFactoryBean : Closing JPA EntityManagerFactory for persistence unit 'default'
2026-01-12T21:54:19.638+05:30  INFO 11636 --- [phishing-detector] [ionShutdownHook] com.zaxxer.hikari.HikariDataSource       : HikariPool-1 - Shutdown initiated...
2026-01-12T21:54:19.643+05:30  INFO 11636 --- [phishing-detector] [ionShutdownHook] com.zaxxer.hikari.HikariDataSource       : HikariPool-1 - Shutdown completed.
